<?xml version="1.0" encoding="UTF-8"?>
<robot generator="Robot 3.1.2 (Python 3.6.7 on win32)" generated="20191212 22:42:32.988" rpa="false">
<suite id="s1" name="TC 01 PBank Register User" source="C:\Users\VickyWin10\PycharmProjects\Parabank_Auto\TC_01_PBank_Register_User.robot">
<test id="s1-t1" name="Register New User">
<kw name="Log To Console" library="BuiltIn">
<doc>Logs the given message to the console.</doc>
<arguments>
<arg>execute 1st test case</arg>
</arguments>
<status status="PASS" starttime="20191212 22:42:33.469" endtime="20191212 22:42:33.470"></status>
</kw>
<kw name="kw_Launch_Parabank" library="ParaBank_Keywords">
<kw name="Open Browser" library="SeleniumLibrary">
<doc>Opens a new browser instance to the optional ``url``.</doc>
<arguments>
<arg>${TD_HOME_URL}</arg>
<arg>chrome</arg>
</arguments>
<msg timestamp="20191212 22:42:33.472" level="INFO">Opening browser 'chrome' to base url 'https://parabank.parasoft.com'.</msg>
<status status="PASS" starttime="20191212 22:42:33.472" endtime="20191212 22:42:48.538"></status>
</kw>
<kw name="Wait Until Page Contains Element" library="SeleniumLibrary">
<doc>Waits until the element ``locator`` appears on the current page.</doc>
<arguments>
<arg>${OR_Parabank_Logo}</arg>
<arg>10s</arg>
<arg>error='Parabank portal not opened'</arg>
</arguments>
<status status="PASS" starttime="20191212 22:42:48.538" endtime="20191212 22:42:48.562"></status>
</kw>
<kw name="Log To Console" library="BuiltIn">
<doc>Logs the given message to the console.</doc>
<arguments>
<arg>"Parabank Home page opened"</arg>
</arguments>
<status status="PASS" starttime="20191212 22:42:48.562" endtime="20191212 22:42:48.562"></status>
</kw>
<status status="PASS" starttime="20191212 22:42:33.471" endtime="20191212 22:42:48.562"></status>
</kw>
<kw name="kw_To_Register_Page" library="ParaBank_Keywords">
<kw name="Click Element" library="SeleniumLibrary">
<doc>Click the element identified by ``locator``.</doc>
<arguments>
<arg>${OR_Register}</arg>
</arguments>
<msg timestamp="20191212 22:42:48.565" level="INFO">Clicking element '//*[text()='Register' and @href]'.</msg>
<status status="PASS" starttime="20191212 22:42:48.565" endtime="20191212 22:42:50.140"></status>
</kw>
<kw name="Wait Until Page Contains Element" library="SeleniumLibrary">
<doc>Waits until the element ``locator`` appears on the current page.</doc>
<arguments>
<arg>${OR_Register_Pg_Title}</arg>
<arg>5s</arg>
<arg>error="Register Page not opened"</arg>
</arguments>
<status status="PASS" starttime="20191212 22:42:50.140" endtime="20191212 22:42:50.167"></status>
</kw>
<kw name="Log To Console" library="BuiltIn">
<doc>Logs the given message to the console.</doc>
<arguments>
<arg>"Register page opened"</arg>
</arguments>
<status status="PASS" starttime="20191212 22:42:50.167" endtime="20191212 22:42:50.167"></status>
</kw>
<status status="PASS" starttime="20191212 22:42:48.564" endtime="20191212 22:42:50.167"></status>
</kw>
<kw name="kw_Enter_User_Details" library="ParaBank_Keywords">
<arguments>
<arg>${td_User_Details_2}</arg>
</arguments>
<kw name="Page Should Contain Element" library="SeleniumLibrary">
<doc>Verifies that element ``locator`` is found on the current page.</doc>
<arguments>
<arg>${OR_Register_Pg_Title}</arg>
<arg>error='Not on Register Page'</arg>
</arguments>
<msg timestamp="20191212 22:42:50.186" level="INFO">Current page contains element '//*[@class='title'][text()="Signing up is easy!"]'.</msg>
<status status="PASS" starttime="20191212 22:42:50.171" endtime="20191212 22:42:50.186"></status>
</kw>
<kw name="Page Should Contain" library="SeleniumLibrary">
<doc>Verifies that current page contains ``text``.</doc>
<arguments>
<arg>${td_rgstr_Pg_Text}</arg>
</arguments>
<msg timestamp="20191212 22:42:50.213" level="INFO">Current page contains text 'If you have an account with us you can sign-up for free instant online access. You will have to provide some personal information.'.</msg>
<status status="PASS" starttime="20191212 22:42:50.186" endtime="20191212 22:42:50.213"></status>
</kw>
<kw name="Get Length" library="BuiltIn">
<doc>Returns and logs the length of the given item as an integer.</doc>
<arguments>
<arg>${OR_New_Usr_Lctr_List}</arg>
</arguments>
<assign>
<var>${length}</var>
</assign>
<msg timestamp="20191212 22:42:50.215" level="INFO">Length is 9</msg>
<msg timestamp="20191212 22:42:50.215" level="INFO">${length} = 9</msg>
<status status="PASS" starttime="20191212 22:42:50.214" endtime="20191212 22:42:50.215"></status>
</kw>
<kw name="${i} IN RANGE [ 0 | ${length} ]" type="for">
<kw name="${i} = 0" type="foritem">
<kw name="Get From List" library="Collections">
<doc>Returns the value specified with an ``index`` from ``list``.</doc>
<arguments>
<arg>${New_User_Details}</arg>
<arg>${i}</arg>
</arguments>
<assign>
<var>${value}</var>
</assign>
<msg timestamp="20191212 22:42:50.216" level="INFO">${value} = Dharam2</msg>
<status status="PASS" starttime="20191212 22:42:50.216" endtime="20191212 22:42:50.216"></status>
</kw>
<kw name="Get From List" library="Collections">
<doc>Returns the value specified with an ``index`` from ``list``.</doc>
<arguments>
<arg>${OR_New_Usr_Lctr_List}</arg>
<arg>${i}</arg>
</arguments>
<assign>
<var>${lctr}</var>
</assign>
<msg timestamp="20191212 22:42:50.216" level="INFO">${lctr} = //*[text()='First Name:']/following::td/input</msg>
<status status="PASS" starttime="20191212 22:42:50.216" endtime="20191212 22:42:50.216"></status>
</kw>
<kw name="Input Text" library="SeleniumLibrary">
<doc>Types the given ``text`` into the text field identified by ``locator``.</doc>
<arguments>
<arg>${lctr}</arg>
<arg>${value}</arg>
</arguments>
<msg timestamp="20191212 22:42:50.216" level="INFO">Typing text 'Dharam2' into text field '//*[text()='First Name:']/following::td/input'.</msg>
<status status="PASS" starttime="20191212 22:42:50.216" endtime="20191212 22:42:50.384"></status>
</kw>
<status status="PASS" starttime="20191212 22:42:50.216" endtime="20191212 22:42:50.384"></status>
</kw>
<kw name="${i} = 1" type="foritem">
<kw name="Get From List" library="Collections">
<doc>Returns the value specified with an ``index`` from ``list``.</doc>
<arguments>
<arg>${New_User_Details}</arg>
<arg>${i}</arg>
</arguments>
<assign>
<var>${value}</var>
</assign>
<msg timestamp="20191212 22:42:50.384" level="INFO">${value} = TestLname2</msg>
<status status="PASS" starttime="20191212 22:42:50.384" endtime="20191212 22:42:50.384"></status>
</kw>
<kw name="Get From List" library="Collections">
<doc>Returns the value specified with an ``index`` from ``list``.</doc>
<arguments>
<arg>${OR_New_Usr_Lctr_List}</arg>
<arg>${i}</arg>
</arguments>
<assign>
<var>${lctr}</var>
</assign>
<msg timestamp="20191212 22:42:50.384" level="INFO">${lctr} = //*[text()='Last Name:']/following::td/input</msg>
<status status="PASS" starttime="20191212 22:42:50.384" endtime="20191212 22:42:50.384"></status>
</kw>
<kw name="Input Text" library="SeleniumLibrary">
<doc>Types the given ``text`` into the text field identified by ``locator``.</doc>
<arguments>
<arg>${lctr}</arg>
<arg>${value}</arg>
</arguments>
<msg timestamp="20191212 22:42:50.384" level="INFO">Typing text 'TestLname2' into text field '//*[text()='Last Name:']/following::td/input'.</msg>
<status status="PASS" starttime="20191212 22:42:50.384" endtime="20191212 22:42:50.556"></status>
</kw>
<status status="PASS" starttime="20191212 22:42:50.384" endtime="20191212 22:42:50.556"></status>
</kw>
<kw name="${i} = 2" type="foritem">
<kw name="Get From List" library="Collections">
<doc>Returns the value specified with an ``index`` from ``list``.</doc>
<arguments>
<arg>${New_User_Details}</arg>
<arg>${i}</arg>
</arguments>
<assign>
<var>${value}</var>
</assign>
<msg timestamp="20191212 22:42:50.557" level="INFO">${value} = Test Address2</msg>
<status status="PASS" starttime="20191212 22:42:50.557" endtime="20191212 22:42:50.558"></status>
</kw>
<kw name="Get From List" library="Collections">
<doc>Returns the value specified with an ``index`` from ``list``.</doc>
<arguments>
<arg>${OR_New_Usr_Lctr_List}</arg>
<arg>${i}</arg>
</arguments>
<assign>
<var>${lctr}</var>
</assign>
<msg timestamp="20191212 22:42:50.559" level="INFO">${lctr} = //*[text()='Address:']/following::td/input</msg>
<status status="PASS" starttime="20191212 22:42:50.558" endtime="20191212 22:42:50.559"></status>
</kw>
<kw name="Input Text" library="SeleniumLibrary">
<doc>Types the given ``text`` into the text field identified by ``locator``.</doc>
<arguments>
<arg>${lctr}</arg>
<arg>${value}</arg>
</arguments>
<msg timestamp="20191212 22:42:50.559" level="INFO">Typing text 'Test Address2' into text field '//*[text()='Address:']/following::td/input'.</msg>
<status status="PASS" starttime="20191212 22:42:50.559" endtime="20191212 22:42:50.751"></status>
</kw>
<status status="PASS" starttime="20191212 22:42:50.556" endtime="20191212 22:42:50.751"></status>
</kw>
<kw name="${i} = 3" type="foritem">
<kw name="Get From List" library="Collections">
<doc>Returns the value specified with an ``index`` from ``list``.</doc>
<arguments>
<arg>${New_User_Details}</arg>
<arg>${i}</arg>
</arguments>
<assign>
<var>${value}</var>
</assign>
<msg timestamp="20191212 22:42:50.752" level="INFO">${value} = Amsterdam2</msg>
<status status="PASS" starttime="20191212 22:42:50.752" endtime="20191212 22:42:50.752"></status>
</kw>
<kw name="Get From List" library="Collections">
<doc>Returns the value specified with an ``index`` from ``list``.</doc>
<arguments>
<arg>${OR_New_Usr_Lctr_List}</arg>
<arg>${i}</arg>
</arguments>
<assign>
<var>${lctr}</var>
</assign>
<msg timestamp="20191212 22:42:50.752" level="INFO">${lctr} = //*[text()='City:']/following::td/input</msg>
<status status="PASS" starttime="20191212 22:42:50.752" endtime="20191212 22:42:50.752"></status>
</kw>
<kw name="Input Text" library="SeleniumLibrary">
<doc>Types the given ``text`` into the text field identified by ``locator``.</doc>
<arguments>
<arg>${lctr}</arg>
<arg>${value}</arg>
</arguments>
<msg timestamp="20191212 22:42:50.752" level="INFO">Typing text 'Amsterdam2' into text field '//*[text()='City:']/following::td/input'.</msg>
<status status="PASS" starttime="20191212 22:42:50.752" endtime="20191212 22:42:50.915"></status>
</kw>
<status status="PASS" starttime="20191212 22:42:50.752" endtime="20191212 22:42:50.915"></status>
</kw>
<kw name="${i} = 4" type="foritem">
<kw name="Get From List" library="Collections">
<doc>Returns the value specified with an ``index`` from ``list``.</doc>
<arguments>
<arg>${New_User_Details}</arg>
<arg>${i}</arg>
</arguments>
<assign>
<var>${value}</var>
</assign>
<msg timestamp="20191212 22:42:50.916" level="INFO">${value} = The Netherlands2</msg>
<status status="PASS" starttime="20191212 22:42:50.915" endtime="20191212 22:42:50.916"></status>
</kw>
<kw name="Get From List" library="Collections">
<doc>Returns the value specified with an ``index`` from ``list``.</doc>
<arguments>
<arg>${OR_New_Usr_Lctr_List}</arg>
<arg>${i}</arg>
</arguments>
<assign>
<var>${lctr}</var>
</assign>
<msg timestamp="20191212 22:42:50.916" level="INFO">${lctr} = //*[text()='State:']/following::td/input</msg>
<status status="PASS" starttime="20191212 22:42:50.916" endtime="20191212 22:42:50.916"></status>
</kw>
<kw name="Input Text" library="SeleniumLibrary">
<doc>Types the given ``text`` into the text field identified by ``locator``.</doc>
<arguments>
<arg>${lctr}</arg>
<arg>${value}</arg>
</arguments>
<msg timestamp="20191212 22:42:50.916" level="INFO">Typing text 'The Netherlands2' into text field '//*[text()='State:']/following::td/input'.</msg>
<status status="PASS" starttime="20191212 22:42:50.916" endtime="20191212 22:42:51.114"></status>
</kw>
<status status="PASS" starttime="20191212 22:42:50.915" endtime="20191212 22:42:51.115"></status>
</kw>
<kw name="${i} = 5" type="foritem">
<kw name="Get From List" library="Collections">
<doc>Returns the value specified with an ``index`` from ``list``.</doc>
<arguments>
<arg>${New_User_Details}</arg>
<arg>${i}</arg>
</arguments>
<assign>
<var>${value}</var>
</assign>
<msg timestamp="20191212 22:42:51.116" level="INFO">${value} = 41254782</msg>
<status status="PASS" starttime="20191212 22:42:51.115" endtime="20191212 22:42:51.116"></status>
</kw>
<kw name="Get From List" library="Collections">
<doc>Returns the value specified with an ``index`` from ``list``.</doc>
<arguments>
<arg>${OR_New_Usr_Lctr_List}</arg>
<arg>${i}</arg>
</arguments>
<assign>
<var>${lctr}</var>
</assign>
<msg timestamp="20191212 22:42:51.116" level="INFO">${lctr} = //*[text()='Zip Code:']/following::td/input</msg>
<status status="PASS" starttime="20191212 22:42:51.116" endtime="20191212 22:42:51.116"></status>
</kw>
<kw name="Input Text" library="SeleniumLibrary">
<doc>Types the given ``text`` into the text field identified by ``locator``.</doc>
<arguments>
<arg>${lctr}</arg>
<arg>${value}</arg>
</arguments>
<msg timestamp="20191212 22:42:51.116" level="INFO">Typing text '41254782' into text field '//*[text()='Zip Code:']/following::td/input'.</msg>
<status status="PASS" starttime="20191212 22:42:51.116" endtime="20191212 22:42:51.270"></status>
</kw>
<status status="PASS" starttime="20191212 22:42:51.115" endtime="20191212 22:42:51.271"></status>
</kw>
<kw name="${i} = 6" type="foritem">
<kw name="Get From List" library="Collections">
<doc>Returns the value specified with an ``index`` from ``list``.</doc>
<arguments>
<arg>${New_User_Details}</arg>
<arg>${i}</arg>
</arguments>
<assign>
<var>${value}</var>
</assign>
<msg timestamp="20191212 22:42:51.271" level="INFO">${value} = 1234567892</msg>
<status status="PASS" starttime="20191212 22:42:51.271" endtime="20191212 22:42:51.271"></status>
</kw>
<kw name="Get From List" library="Collections">
<doc>Returns the value specified with an ``index`` from ``list``.</doc>
<arguments>
<arg>${OR_New_Usr_Lctr_List}</arg>
<arg>${i}</arg>
</arguments>
<assign>
<var>${lctr}</var>
</assign>
<msg timestamp="20191212 22:42:51.271" level="INFO">${lctr} = //*[text()='Phone #:']/following::td/input</msg>
<status status="PASS" starttime="20191212 22:42:51.271" endtime="20191212 22:42:51.271"></status>
</kw>
<kw name="Input Text" library="SeleniumLibrary">
<doc>Types the given ``text`` into the text field identified by ``locator``.</doc>
<arguments>
<arg>${lctr}</arg>
<arg>${value}</arg>
</arguments>
<msg timestamp="20191212 22:42:51.271" level="INFO">Typing text '1234567892' into text field '//*[text()='Phone #:']/following::td/input'.</msg>
<status status="PASS" starttime="20191212 22:42:51.271" endtime="20191212 22:42:51.432"></status>
</kw>
<status status="PASS" starttime="20191212 22:42:51.271" endtime="20191212 22:42:51.433"></status>
</kw>
<kw name="${i} = 7" type="foritem">
<kw name="Get From List" library="Collections">
<doc>Returns the value specified with an ``index`` from ``list``.</doc>
<arguments>
<arg>${New_User_Details}</arg>
<arg>${i}</arg>
</arguments>
<assign>
<var>${value}</var>
</assign>
<msg timestamp="20191212 22:42:51.433" level="INFO">${value} = ABCD122342</msg>
<status status="PASS" starttime="20191212 22:42:51.433" endtime="20191212 22:42:51.433"></status>
</kw>
<kw name="Get From List" library="Collections">
<doc>Returns the value specified with an ``index`` from ``list``.</doc>
<arguments>
<arg>${OR_New_Usr_Lctr_List}</arg>
<arg>${i}</arg>
</arguments>
<assign>
<var>${lctr}</var>
</assign>
<msg timestamp="20191212 22:42:51.434" level="INFO">${lctr} = //*[text()='SSN:']/following::td/input</msg>
<status status="PASS" starttime="20191212 22:42:51.434" endtime="20191212 22:42:51.434"></status>
</kw>
<kw name="Input Text" library="SeleniumLibrary">
<doc>Types the given ``text`` into the text field identified by ``locator``.</doc>
<arguments>
<arg>${lctr}</arg>
<arg>${value}</arg>
</arguments>
<msg timestamp="20191212 22:42:51.434" level="INFO">Typing text 'ABCD122342' into text field '//*[text()='SSN:']/following::td/input'.</msg>
<status status="PASS" starttime="20191212 22:42:51.434" endtime="20191212 22:42:51.610"></status>
</kw>
<status status="PASS" starttime="20191212 22:42:51.433" endtime="20191212 22:42:51.610"></status>
</kw>
<kw name="${i} = 8" type="foritem">
<kw name="Get From List" library="Collections">
<doc>Returns the value specified with an ``index`` from ``list``.</doc>
<arguments>
<arg>${New_User_Details}</arg>
<arg>${i}</arg>
</arguments>
<assign>
<var>${value}</var>
</assign>
<msg timestamp="20191212 22:42:51.610" level="INFO">${value} = User_Dharam2</msg>
<status status="PASS" starttime="20191212 22:42:51.610" endtime="20191212 22:42:51.610"></status>
</kw>
<kw name="Get From List" library="Collections">
<doc>Returns the value specified with an ``index`` from ``list``.</doc>
<arguments>
<arg>${OR_New_Usr_Lctr_List}</arg>
<arg>${i}</arg>
</arguments>
<assign>
<var>${lctr}</var>
</assign>
<msg timestamp="20191212 22:42:51.610" level="INFO">${lctr} = //*[text()='Username:']/following::td/input</msg>
<status status="PASS" starttime="20191212 22:42:51.610" endtime="20191212 22:42:51.610"></status>
</kw>
<kw name="Input Text" library="SeleniumLibrary">
<doc>Types the given ``text`` into the text field identified by ``locator``.</doc>
<arguments>
<arg>${lctr}</arg>
<arg>${value}</arg>
</arguments>
<msg timestamp="20191212 22:42:51.610" level="INFO">Typing text 'User_Dharam2' into text field '//*[text()='Username:']/following::td/input'.</msg>
<status status="PASS" starttime="20191212 22:42:51.610" endtime="20191212 22:42:51.806"></status>
</kw>
<status status="PASS" starttime="20191212 22:42:51.610" endtime="20191212 22:42:51.806"></status>
</kw>
<status status="PASS" starttime="20191212 22:42:50.215" endtime="20191212 22:42:51.806"></status>
</kw>
<kw name="Input Password" library="SeleniumLibrary">
<doc>Types the given password into the text field identified by ``locator``.</doc>
<arguments>
<arg>${OR_Pswd_ip}</arg>
<arg>Test1234</arg>
</arguments>
<msg timestamp="20191212 22:42:51.807" level="INFO">Typing password into text field '//*[text()='Password:']/following::td/input'.</msg>
<status status="PASS" starttime="20191212 22:42:51.807" endtime="20191212 22:42:51.993"></status>
</kw>
<kw name="Input Password" library="SeleniumLibrary">
<doc>Types the given password into the text field identified by ``locator``.</doc>
<arguments>
<arg>${OR_Cnfm_Pswd_ip}</arg>
<arg>Test1234</arg>
</arguments>
<msg timestamp="20191212 22:42:51.994" level="INFO">Typing password into text field '//*[text()='Confirm:']/following::td/input'.</msg>
<status status="PASS" starttime="20191212 22:42:51.993" endtime="20191212 22:42:52.153"></status>
</kw>
<kw name="Get From List" library="Collections">
<doc>Returns the value specified with an ``index`` from ``list``.</doc>
<arguments>
<arg>${New_User_Details}</arg>
<arg>8</arg>
</arguments>
<assign>
<var>${username}</var>
</assign>
<msg timestamp="20191212 22:42:52.153" level="INFO">${username} = User_Dharam2</msg>
<status status="PASS" starttime="20191212 22:42:52.153" endtime="20191212 22:42:52.153"></status>
</kw>
<kw name="Log To Console" library="BuiltIn">
<doc>Logs the given message to the console.</doc>
<arguments>
<arg>${username}</arg>
</arguments>
<status status="PASS" starttime="20191212 22:42:52.153" endtime="20191212 22:42:52.153"></status>
</kw>
<status status="PASS" starttime="20191212 22:42:50.170" endtime="20191212 22:42:52.153"></status>
</kw>
<kw name="kw_submit_User_Rgstr" library="ParaBank_Keywords">
<arguments>
<arg>${td_User_Details_2}[8]</arg>
</arguments>
<kw name="Click Button" library="SeleniumLibrary">
<doc>Clicks the button identified by ``locator``.</doc>
<arguments>
<arg>${OR_Submit_Rgstrn}</arg>
</arguments>
<msg timestamp="20191212 22:42:52.157" level="INFO">Clicking button '//*[text()='Confirm:']/following::tr/td/input[@class='button']'.</msg>
<status status="PASS" starttime="20191212 22:42:52.153" endtime="20191212 22:42:54.576"></status>
</kw>
<kw name="Wait Until Page Contains Element" library="SeleniumLibrary">
<doc>Waits until the element ``locator`` appears on the current page.</doc>
<arguments>
<arg>//*[@class="title"]</arg>
<arg>5s</arg>
</arguments>
<status status="PASS" starttime="20191212 22:42:54.576" endtime="20191212 22:42:54.608"></status>
</kw>
<kw name="Element Should Contain" library="SeleniumLibrary">
<doc>Verifies that element ``locator`` contains text ``expected``.</doc>
<arguments>
<arg>//*[@class="title"]</arg>
<arg>Welcome ${username}</arg>
</arguments>
<msg timestamp="20191212 22:42:54.644" level="INFO">Element '//*[@class="title"]' contains text 'Welcome User_Dharam2'.</msg>
<status status="PASS" starttime="20191212 22:42:54.608" endtime="20191212 22:42:54.644"></status>
</kw>
<kw name="Element Should Contain" library="SeleniumLibrary">
<doc>Verifies that element ``locator`` contains text ``expected``.</doc>
<arguments>
<arg>//*[@id="rightPanel"]/p</arg>
<arg>Your account was created successfully. You are now logged in.</arg>
</arguments>
<msg timestamp="20191212 22:42:54.686" level="INFO">Element '//*[@id="rightPanel"]/p' contains text 'Your account was created successfully. You are now logged in.'.</msg>
<status status="PASS" starttime="20191212 22:42:54.644" endtime="20191212 22:42:54.687"></status>
</kw>
<kw name="Get Text" library="SeleniumLibrary">
<doc>Returns the text value of the element identified by ``locator``.</doc>
<arguments>
<arg>//*[@id="rightPanel"]/p</arg>
</arguments>
<assign>
<var>${wlcome_msg}</var>
</assign>
<msg timestamp="20191212 22:42:54.714" level="INFO">${wlcome_msg} = Your account was created successfully. You are now logged in.</msg>
<status status="PASS" starttime="20191212 22:42:54.687" endtime="20191212 22:42:54.714"></status>
</kw>
<kw name="Get Text" library="SeleniumLibrary">
<doc>Returns the text value of the element identified by ``locator``.</doc>
<arguments>
<arg>//*[@class="title"]</arg>
</arguments>
<assign>
<var>${wlcome_statement}</var>
</assign>
<msg timestamp="20191212 22:42:54.742" level="INFO">${wlcome_statement} = Welcome User_Dharam2</msg>
<status status="PASS" starttime="20191212 22:42:54.714" endtime="20191212 22:42:54.742"></status>
</kw>
<kw name="Log To Console" library="BuiltIn">
<doc>Logs the given message to the console.</doc>
<arguments>
<arg>${wlcome_msg}</arg>
</arguments>
<status status="PASS" starttime="20191212 22:42:54.742" endtime="20191212 22:42:54.742"></status>
</kw>
<kw name="Log To Console" library="BuiltIn">
<doc>Logs the given message to the console.</doc>
<arguments>
<arg>${wlcome_statement}</arg>
</arguments>
<status status="PASS" starttime="20191212 22:42:54.742" endtime="20191212 22:42:54.742"></status>
</kw>
<status status="PASS" starttime="20191212 22:42:52.153" endtime="20191212 22:42:54.745"></status>
</kw>
<tags>
<tag>Functional</tag>
</tags>
<status status="PASS" starttime="20191212 22:42:33.468" endtime="20191212 22:42:54.745" critical="yes"></status>
</test>
<status status="PASS" starttime="20191212 22:42:32.991" endtime="20191212 22:42:54.749"></status>
</suite>
<statistics>
<total>
<stat pass="1" fail="0">Critical Tests</stat>
<stat pass="1" fail="0">All Tests</stat>
</total>
<tag>
<stat pass="1" fail="0">Functional</stat>
</tag>
<suite>
<stat pass="1" fail="0" id="s1" name="TC 01 PBank Register User">TC 01 PBank Register User</stat>
</suite>
</statistics>
<errors>
<msg timestamp="20191212 22:42:33.445" level="ERROR">Error in file 'C:\Users\VickyWin10\PycharmProjects\Parabank_Auto\Keywords\ParaBank_Keywords.robot': Resource file 'TestData_ParaBank.robot' does not exist.</msg>
<msg timestamp="20191212 22:42:33.449" level="ERROR">Error in file 'C:\Users\VickyWin10\PycharmProjects\Parabank_Auto\Keywords\ParaBank_Keywords.robot': Resource file 'OR_Parabank.robot' does not exist.</msg>
</errors>
</robot>
